Mad-Assembler v1.7.8 by Tebe/Madteam
Source: D:\!Atari\Pang\title_end\pmg.asm
     1
     2 					opt h-
     3 					org $2000
     4
     5 				SPRITES
     6 2000 00 00 00 00 00 00 + 	dta $00,$00,$00,$00,$00,$00,$00,$00,$00,$00,$00,$00,$00,$00,$00,$00
     7 2010 00 00 00 00 00 00 + 	dta $00,$00,$00,$00,$00,$00,$00,$00,$00,$00,$00,$00,$00,$00,$00,$00
     8 2020 00 00 00 00 00 00 + 	dta $00,$00,$00,$00,$00,$00,$00,$00,$00,$00,$00,$00,$00,$00,$00,$00
     9 2030 00 00 00 00 00 00 + 	dta $00,$00,$00,$00,$00,$00,$00,$00,$00,$00,$00,$00,$00,$00,$00,$00
    10 2040 08 08 08 08 08 08 + 	dta $08,$08,$08,$08,$08,$08,$08,$08,$08,$C0,$C0,$C0,$C0,$C0,$C0,$C0
    11 2050 10 10 10 10 10 D0 + 	dta $10,$10,$10,$10,$10,$D0,$D0,$D0,$E0,$E0,$E0,$E0,$E0,$E0,$E0,$E0
    12 2060 E0 E0 E0 E0 E0 E0 + 	dta $E0,$E0,$E0,$E0,$E0,$E0,$C0,$C0,$00,$0C,$0C,$0C,$0C,$0C,$0C,$0C
    13 2070 08 08 0C 00 00 03 + 	dta $08,$08,$0C,$00,$00,$03,$0F,$03,$03,$03,$03,$03,$03,$03,$00,$00
    14 2080 00 00 00 00 00 00 + 	dta $00,$00,$00,$00,$00,$00,$00,$00,$00,$00,$00,$00,$00,$00,$00,$00
    15 2090 00 00 00 00 00 00 + 	dta $00,$00,$00,$00,$00,$00,$00,$00,$00,$00,$00,$00,$00,$00,$00,$00
    16 20A0 00 00 00 00 00 00 + 	dta $00,$00,$00,$00,$00,$00,$00,$00,$00,$00,$00,$00,$00,$00,$00,$00
    17 20B0 00 00 00 00 00 00 + 	dta $00,$00,$00,$00,$00,$00,$00,$03,$03,$03,$3F,$3F,$3F,$3F,$3F,$33
    18 20C0 33 30 00 00 00 00 + 	dta $33,$30,$00,$00,$00,$00,$00,$00,$00,$00,$00,$00,$00,$00,$00,$00
    19 20D0 00 00 00 00 00 00 + 	dta $00,$00,$00,$00,$00,$00,$00,$00,$00,$00,$00,$00,$00,$00,$00,$00
    20 20E0 00 00 00 00 00 00 + 	dta $00,$00,$00,$00,$00,$00,$00,$00,$00,$00,$00,$00,$00,$00,$00,$00
    21 20F0 00 00 00 00 00 00 + 	dta $00,$00,$00,$00,$00,$00,$00,$00,$FF,$FF,$FF,$FF,$FF,$FF,$FF,$FF
    22
    23 2100 00 00 00 00 00 00 + 	dta $00,$00,$00,$00,$00,$00,$00,$00,$00,$00,$00,$00,$00,$00,$00,$00
    24 2110 00 00 00 00 00 00 + 	dta $00,$00,$00,$00,$00,$00,$00,$00,$00,$00,$00,$00,$00,$00,$00,$00
    25 2120 00 00 00 00 00 00 + 	dta $00,$00,$00,$00,$00,$00,$00,$00,$00,$00,$00,$00,$00,$00,$00,$00
    26 2130 00 00 00 00 00 00 + 	dta $00,$00,$00,$00,$00,$00,$00,$00,$00,$00,$00,$00,$00,$00,$00,$00
    27 2140 00 00 87 C7 63 63 + 	dta $00,$00,$87,$C7,$63,$63,$71,$79,$F8,$FC,$FC,$FC,$FF,$FF,$FF,$FF
    28 2150 FF FF FF FE FE FE + 	dta $FF,$FF,$FF,$FE,$FE,$FE,$FE,$FE,$FE,$FE,$FE,$FC,$FC,$FC,$FC,$7C
    29 2160 7C 7E 7E 7E 7E 7E + 	dta $7C,$7E,$7E,$7E,$7E,$7E,$00,$00,$00,$00,$00,$00,$00,$00,$10,$14
    30 2170 30 30 70 78 78 70 + 	dta $30,$30,$70,$78,$78,$70,$60,$60,$60,$40,$40,$40,$00,$00,$00,$00
    31 2180 FF FF FF FF FF FF + 	dta $FF,$FF,$FF,$FF,$FF,$FF,$FF,$FF,$FF,$FF,$FF,$FF,$FF,$FF,$FF,$FF
    32 2190 FF FF FF FF FF FF + 	dta $FF,$FF,$FF,$FF,$FF,$FF,$FF,$FF,$FF,$FF,$FF,$FF,$FF,$FF,$FF,$FF
    33 21A0 FF FF FF FF FF FF + 	dta $FF,$FF,$FF,$FF,$FF,$FF,$FF,$FF,$FF,$FF,$FF,$FF,$FF,$FF,$FF,$FF
    34 21B0 FF FF FF FF FF FF + 	dta $FF,$FF,$FF,$FF,$FF,$FF,$FF,$FF,$FF,$FF,$FF,$FF,$FF,$FF,$FF,$FF
    35 21C0 FF 00 00 00 00 00 + 	dta $FF,$00,$00,$00,$00,$00,$00,$00,$00,$00,$00,$00,$00,$00,$00,$00
    36 21D0 00 00 00 00 00 00 + 	dta $00,$00,$00,$00,$00,$00,$00,$00,$00,$00,$00,$00,$00,$00,$00,$00
    37 21E0 00 00 00 00 00 00 + 	dta $00,$00,$00,$00,$00,$00,$00,$00,$00,$00,$00,$00,$00,$00,$00,$00
    38 21F0 00 00 00 00 00 00 + 	dta $00,$00,$00,$00,$00,$00,$00,$00,$FF,$FF,$FF,$FF,$FF,$FF,$FF,$FF
    39
    40 2200 00 00 00 00 00 00 + 	dta $00,$00,$00,$00,$00,$00,$00,$00,$00,$00,$00,$00,$00,$00,$00,$00
    41 2210 00 00 00 00 00 00 + 	dta $00,$00,$00,$00,$00,$00,$00,$00,$00,$00,$00,$00,$00,$00,$00,$00
    42 2220 00 00 00 00 00 00 + 	dta $00,$00,$00,$00,$00,$00,$00,$00,$00,$00,$00,$00,$00,$00,$00,$00
    43 2230 00 00 00 00 00 00 + 	dta $00,$00,$00,$00,$00,$00,$00,$00,$00,$00,$00,$00,$00,$00,$00,$00
    44 2240 F0 70 78 3C 1C 0E + 	dta $F0,$70,$78,$3C,$1C,$0E,$0E,$07,$03,$03,$01,$01,$00,$FF,$FF,$FF
    45 2250 FF FF FF FE FE FE + 	dta $FF,$FF,$FF,$FE,$FE,$FE,$FC,$EE,$FA,$EE,$FF,$FF,$FF,$F6,$FF,$FF
    46 2260 FF FB FF FF FF FD + 	dta $FF,$FB,$FF,$FF,$FF,$FD,$FF,$7F,$7E,$7F,$7F,$7F,$FD,$7F,$7F,$77
    47 2270 7F 7F 7F 7F FF FF + 	dta $7F,$7F,$7F,$7F,$FF,$FF,$FF,$FF,$FF,$BF,$FF,$FF,$FB,$BF,$FF,$FF
    48 2280 DF FF DF FF FF F7 + 	dta $DF,$FF,$DF,$FF,$FF,$F7,$FF,$00,$00,$00,$00,$00,$00,$00,$00,$00
    49 2290 00 00 00 00 00 00 + 	dta $00,$00,$00,$00,$00,$00,$00,$00,$00,$00,$00,$00,$00,$00,$00,$00
    50 22A0 00 00 00 00 00 00 + 	dta $00,$00,$00,$00,$00,$00,$00,$00,$00,$00,$00,$00,$00,$C3,$C3,$E3
    51 22B0 E1 E1 F1 F3 F3 FB + 	dta $E1,$E1,$F1,$F3,$F3,$FB,$FB,$FF,$FF,$FF,$FF,$FF,$FF,$FF,$FF,$FF
    52 22C0 FF 00 00 00 00 00 + 	dta $FF,$00,$00,$00,$00,$00,$00,$00,$00,$00,$00,$00,$00,$00,$00,$00
    53 22D0 00 00 00 00 00 00 + 	dta $00,$00,$00,$00,$00,$00,$00,$00,$00,$00,$00,$00,$00,$00,$00,$00
    54 22E0 00 00 00 00 00 00 + 	dta $00,$00,$00,$00,$00,$00,$00,$00,$00,$00,$00,$00,$00,$00,$00,$00
    55 22F0 00 00 00 00 00 00 + 	dta $00,$00,$00,$00,$00,$00,$00,$00,$FF,$FF,$FF,$FF,$FF,$FF,$FF,$FF
    56
    57 2300 00 00 00 00 00 00 + 	dta $00,$00,$00,$00,$00,$00,$00,$00,$00,$00,$00,$00,$00,$00,$00,$00
    58 2310 00 00 00 00 00 00 + 	dta $00,$00,$00,$00,$00,$00,$00,$00,$00,$00,$00,$00,$00,$00,$00,$00
    59 2320 00 00 00 00 00 FF + 	dta $00,$00,$00,$00,$00,$FF,$FF,$FF,$FF,$FF,$FF,$FF,$FF,$FF,$FF,$FF
    60 2330 FF FF FF FF FF FF + 	dta $FF,$FF,$FF,$FF,$FF,$FF,$FF,$FF,$FF,$00,$00,$00,$00,$80,$80,$80
    61 2340 C0 E0 F0 F8 FE FE + 	dta $C0,$E0,$F0,$F8,$FE,$FE,$FE,$FF,$FF,$FF,$FF,$FF,$FF,$FF,$FF,$FF
    62 2350 FF FF FF FF FF 00 + 	dta $FF,$FF,$FF,$FF,$FF,$00,$00,$00,$00,$00,$00,$00,$00,$00,$00,$00
    63 2360 00 00 00 00 00 00 + 	dta $00,$00,$00,$00,$00,$00,$00,$00,$00,$00,$00,$00,$00,$00,$00,$00
    64 2370 00 00 00 00 00 00 + 	dta $00,$00,$00,$00,$00,$00,$00,$00,$00,$00,$00,$80,$F0,$F0,$70,$70
    65 2380 70 70 78 78 00 00 + 	dta $70,$70,$78,$78,$00,$00,$00,$00,$00,$00,$00,$00,$00,$00,$00,$00
    66 2390 00 00 00 00 00 00 + 	dta $00,$00,$00,$00,$00,$00,$00,$00,$00,$00,$00,$00,$00,$00,$00,$00
    67 23A0 00 00 00 00 00 00 + 	dta $00,$00,$00,$00,$00,$00,$00,$00,$00,$00,$00,$00,$00,$00,$FF,$FF
    68 23B0 FF FF FF FF FF FF + 	dta $FF,$FF,$FF,$FF,$FF,$FF,$FF,$FF,$FF,$FF,$FF,$FF,$FF,$FF,$FF,$FF
    69 23C0 FF FF 00 00 00 00 + 	dta $FF,$FF,$00,$00,$00,$00,$00,$00,$00,$00,$00,$00,$00,$00,$00,$00
    70 23D0 00 00 00 00 00 00 + 	dta $00,$00,$00,$00,$00,$00,$00,$00,$00,$00,$00,$00,$00,$00,$00,$00
    71 23E0 00 00 00 00 00 00 + 	dta $00,$00,$00,$00,$00,$00,$00,$00,$00,$00,$00,$00,$00,$00,$00,$00
    72 23F0 00 00 00 00 00 00 + 	dta $00,$00,$00,$00,$00,$00,$00,$00,$FF,$FF,$FF,$FF,$FF,$FF,$FF,$FF
    73
    74 2400 00 00 00 00 00 00 + 	dta $00,$00,$00,$00,$00,$00,$00,$00,$00,$00,$00,$00,$00,$00,$00,$00
    75 2410 00 00 00 00 00 00 + 	dta $00,$00,$00,$00,$00,$00,$00,$00,$00,$00,$00,$00,$00,$00,$00,$00
    76 2420 00 FF FF FF FF FF + 	dta $00,$FF,$FF,$FF,$FF,$FF,$FF,$FF,$FF,$FF,$FF,$FF,$FF,$FF,$FF,$FF
    77 2430 FF FF FF FF FF FF + 	dta $FF,$FF,$FF,$FF,$FF,$FF,$FF,$FF,$FF,$FF,$FF,$FF,$FF,$FF,$FF,$FF
    78 2440 FF FF FF FF FF FF + 	dta $FF,$FF,$FF,$FF,$FF,$FF,$FF,$FF,$FF,$FF,$FF,$FF,$FF,$FF,$FF,$FF
    79 2450 FF FE FE FE FE FE + 	dta $FF,$FE,$FE,$FE,$FE,$FE,$FF,$FF,$FF,$FF,$FF,$FF,$FF,$FF,$FF,$FF
    80 2460 FF FF FF FF FF FF + 	dta $FF,$FF,$FF,$FF,$FF,$FF,$FF,$FF,$FF,$FF,$FF,$FF,$FF,$FF,$FF,$FF
    81 2470 FF FF FF FF FF FF + 	dta $FF,$FF,$FF,$FF,$FF,$FF,$FF,$FC,$FC,$FC,$FE,$FE,$FE,$FE,$FE,$FE
    82 2480 FE FE FE FF FF FF + 	dta $FE,$FE,$FE,$FF,$FF,$FF,$FF,$FF,$FF,$FF,$FF,$FF,$FF,$FF,$FF,$FF
    83 2490 FF FF FF FF FF FF + 	dta $FF,$FF,$FF,$FF,$FF,$FF,$FF,$FF,$FF,$FF,$FF,$FF,$FF,$FF,$FF,$FF
    84 24A0 FF FF 00 FF FF FF + 	dta $FF,$FF,$00,$FF,$FF,$FF,$FF,$FF,$FF,$FF,$FF,$FF,$FF,$FF,$FF,$FF
    85 24B0 FF FF FF FF FF FF + 	dta $FF,$FF,$FF,$FF,$FF,$FF,$FF,$FF,$FF,$00,$00,$00,$00,$00,$00,$00
    86 24C0 00 00 00 00 00 00 + 	dta $00,$00,$00,$00,$00,$00,$00,$00,$00,$00,$00,$00,$00,$00,$00,$00
    87 24D0 00 00 00 00 00 00 + 	dta $00,$00,$00,$00,$00,$00,$00,$00,$00,$00,$00,$00,$00,$00,$00,$00
    88 24E0 00 00 00 00 00 00 + 	dta $00,$00,$00,$00,$00,$00,$00,$00,$00,$00,$00,$00,$00,$00,$00,$00
    89 24F0 00 00 00 00 00 00 + 	dta $00,$00,$00,$00,$00,$00,$00,$00,$FF,$FF,$FF,$FF,$FF,$FF,$FF,$FF
