Mad-Assembler v1.7.8 by Tebe/Madteam
Source: D:\!Atari\Pang\ludek\anmleft.asm
     1
     2 					opt h-
     3 					org $2000
     4
     5
     6 2000 00 00 20 B2 B8 FB + 	dta $00,$00,$20,$B2,$B8,$FB,$F7,$30
     7 2008 F2 E0 70 B2 B2 20 + 	dta $F2,$E0,$70,$B2,$B2,$20,$B8,$FE,$D5,$F3,$F0,$D0,$F1,$B2,$30,$B8
     8
     9 2018 00 00 02 0F 1D 23 + 	dta $00,$00,$02,$0F,$1D,$23,$10,$2D
    10 2020 18 00 01 00 00 84 + 	dta $18,$00,$01,$00,$00,$84,$00,$6C,$01,$08,$62,$49,$14,$00,$0C,$01
    11
    12 2030 00 00 07 00 1D 3C + 	dta $00,$00,$07,$00,$1D,$3C,$20,$00
    13 2038 00 00 00 00 00 80 + 	dta $00,$00,$00,$00,$00,$80,$80,$21,$13,$25,$46,$00,$00,$00,$00,$00
    14
    15 2048 00 07 0F 1F 3D 7F + 	dta $00,$07,$0F,$1F,$3D,$7F,$7F,$7F
    16 2050 3D 1F 17 1D 9D CF + 	dta $3D,$1F,$17,$1D,$9D,$CF,$BB,$FF,$FF,$7D,$FF,$FF,$74,$2F,$1F,$0F
    17
    18 2060 00 00 07 0F 1F 3F + 	dta $00,$00,$07,$0F,$1F,$3F,$30,$2F
    19 2068 1F 0B 0B 1F 0F 87 + 	dta $1F,$0B,$0B,$1F,$0F,$87,$CE,$6D,$93,$EF,$E6,$49,$1F,$1F,$0C,$01
    20
    21
    22 2078 B8 B2 20 20 20 20 + m	dta $B8,$B2,$20,$20,$20,$20,$20,$20
    23 2080 20 20 A2 B0 F2 30 + 	dta $20,$20,$A2,$B0,$F2,$30,$FE,$B2
    24 2088 20 20 20 00 20 20 + 	dta $20,$20,$20,$00,$20,$20,$20,$00
    25 2090 B8 B2 20 20 20 20 + 	dta $B8,$B2,$20,$20,$20,$20,$20,$20
    26 2098 20 20 A0 90 E0 70 + 	dta $20,$20,$A0,$90,$E0,$70,$FE,$B2
    27 20A0 20 20 20 30 B0 B8 + 	dta $20,$20,$20,$30,$B0,$B8,$B2,$20
    28
    29 20A8 01 00 00 01 00 01 + p0	dta $01,$00,$00,$01,$00,$01,$02,$03
    30 20B0 03 09 02 01 00 10 + 	dta $03,$09,$02,$01,$00,$10,$10,$18
    31 20B8 03 09 00 02 09 00 + 	dta $03,$09,$00,$02,$09,$00,$09,$0C
    32 20C0 01 00 00 01 00 01 + 	dta $01,$00,$00,$01,$00,$01,$02,$03
    33 20C8 03 09 02 04 04 10 + 	dta $03,$09,$02,$04,$04,$10,$10,$18
    34 20D0 03 09 00 04 08 01 + 	dta $03,$09,$00,$04,$08,$01,$09,$08
    35
    36 20D8 03 01 00 00 00 00 + p1	dta $03,$01,$00,$00,$00,$00,$03,$04
    37 20E0 0B 06 00 00 00 00 + 	dta $0B,$06,$00,$00,$00,$00,$18,$20
    38 20E8 0B 06 00 00 00 00 + 	dta $0B,$06,$00,$00,$00,$00,$0C,$10
    39 20F0 03 01 00 00 00 00 + 	dta $03,$01,$00,$00,$00,$00,$03,$04
    40 20F8 0B 06 00 00 00 00 + 	dta $0B,$06,$00,$00,$00,$00,$18,$20
    41 2100 0B 06 00 00 00 01 + 	dta $0B,$06,$00,$00,$00,$01,$0A,$10
    42
    43 2108 07 03 07 05 07 07 + p2	dta $07,$03,$07,$05,$07,$07,$0B,$0F
    44 2110 0B 0F 0F 1B 17 3C + 	dta $0B,$0F,$0F,$1B,$17,$3C,$5D,$7D
    45 2118 0B 0F 0F 0B 1B 1F + 	dta $0B,$0F,$0F,$0B,$1B,$1F,$2F,$3F
    46 2120 07 03 07 05 07 07 + 	dta $07,$03,$07,$05,$07,$07,$0B,$0F
    47 2128 0B 0F 0F 1F 1F 3C + 	dta $0B,$0F,$0F,$1F,$1F,$3C,$5D,$7D
    48 2130 0B 0F 0F 0D 1F 1D + 	dta $0B,$0F,$0F,$0D,$1F,$1D,$2F,$3F
    49
    50 2138 03 01 02 03 03 01 + p3	dta $03,$01,$02,$03,$03,$01,$07,$07
    51 2140 0F 0F 06 0D 0C 18 + 	dta $0F,$0F,$06,$0D,$0C,$18,$38,$38
    52 2148 0F 0F 06 06 0D 0C + 	dta $0F,$0F,$06,$06,$0D,$0C,$1D,$1C
    53 2150 03 01 02 03 03 01 + 	dta $03,$01,$02,$03,$03,$01,$07,$07
    54 2158 0F 0F 02 0D 0C 18 + 	dta $0F,$0F,$02,$0D,$0C,$18,$38,$38
    55 2160 0F 0F 06 07 09 0B + 	dta $0F,$0F,$06,$07,$09,$0B,$1B,$18
