mads 2.0.5 build 2 (3 Jun 16)
Source: D:\!Atari\Pang_2\game_over_winner\gameover_pmg.asm
     1 					opt h-
     2 					
     3 				missiles
     4  00 00 00 00 00 00 00 +  	.he 00 00 00 00 00 00 00 00 00 00 00 00 00 00 00 00
     5  00 00 00 00 00 00 00 +  	.he 00 00 00 00 00 00 00 00 02 02 03 03 02 02 02 03
     6  03 C2 C2 C0 C2 C0 C2 +  	.he 03 C2 C2 C0 C2 C0 C2 C0 C0 C0 C0 C0 C0 C0 C0 C0
     7  C0 C0 C0 C0 C0 C0 C8 +  	.he C0 C0 C0 C0 C0 C0 C8 CC C0 CC C8 C4 C5 C7 C8 08
     8  08 08 00 00 00 08 48 +  	.he 08 08 00 00 00 08 48 0C 08 48 48 CC CC CC CC CC
     9  CC CC CC CC CC C0 C0 +  	.he CC CC CC CC CC C0 C0 C0 C0 C0 C0 C0 C0 C0 C0 C0
    10  C0 C0 C0 C0 C0 C0 C0 +  	.he C0 C0 C0 C0 C0 C0 C0 C0 C0 C0 C0 C0 C0 C0 C0 C0
    11  C0 C0 C0 C0 C0 C0 C0 +  	.he C0 C0 C0 C0 C0 C0 C0 C0 C0 C0 F0 F0 F0 F0 F0 F0
    12  F0 F0 F0 F4 C0 CC C8 +  	.he F0 F0 F0 F4 C0 CC C8 CC CC CC CC CC CC C0 C0 C0
    13  C0 C0 C0 C0 C0 C0 C0 +  	.he C0 C0 C0 C0 C0 C0 C0 C0 C0 C0 C0 C0 C0 C0 C0 C0
    14  C0 C0 C0 C0 C0 C0 C0 +  	.he C0 C0 C0 C0 C0 C0 C0 C0 C0 C0 C0 C0 C0 C0 C0 C0
    15  00 00 00 00 00 00 00 +  	.he 00 00 00 00 00 00 00 00 00 00 00 00 00 00 00 00
    16  00 00 00 00 00 00 00 +  	.he 00 00 00 00 00 00 00 00 00 00 00 00 00 00 00 00
    17  00 00 00 00 00 00 00 +  	.he 00 00 00 00 00 00 00 00 00 00 00 00 00 00 00 00
    18  00 00 00 00 00 00 00 +  	.he 00 00 00 00 00 00 00 00 00 00 00 00 00 00 00 00
    19  00 00 00 00 00 00 00 +  	.he 00 00 00 00 00 00 00 00 00 00 00 00 00 00 00 00
    20 				player0
    21  00 00 00 00 00 00 00 +  	.he 00 00 00 00 00 00 00 00 00 00 00 00 00 00 00 00
    22  00 00 00 19 3C 3E 7F +  	.he 00 00 00 19 3C 3E 7F 7F 3F 7F 3F 7F FF 7F FF 7F
    23  FF 2F 7F 06 3F 00 2F +  	.he FF 2F 7F 06 3F 00 2F 00 03 00 01 00 1E 00 0C 00
    24  80 00 00 00 00 00 00 +  	.he 80 00 00 00 00 00 00 00 00 00 00 00 00 00 00 00
    25  00 00 00 00 00 00 00 +  	.he 00 00 00 00 00 00 00 00 00 00 00 00 00 00 00 00
    26  00 00 00 00 00 0C 1E +  	.he 00 00 00 00 00 0C 1E 3E 7E 79 FD F9 FD FF 9D BF
    27  BF BF 3F 3F 3E 3E 3E +  	.he BF BF 3F 3F 3E 3E 3E 3E 3E 3E 3E 3C 3C 3C 3D 3D
    28  18 18 18 18 00 81 FF +  	.he 18 18 18 18 00 81 FF FF FF FF FF FF 7F 3E 02 2E
    29  7E 7E 5E 7E 00 00 02 +  	.he 7E 7E 5E 7E 00 00 02 06 0E 0E 0E 0E 2E 2E 2E 24
    30  20 26 26 06 00 08 00 +  	.he 20 26 26 06 00 08 00 00 00 00 00 00 00 00 00 00
    31  00 00 00 00 00 00 00 +  	.he 00 00 00 00 00 00 00 00 00 00 00 00 00 00 00 00
    32  00 00 00 00 00 00 00 +  	.he 00 00 00 00 00 00 00 00 00 00 00 00 00 00 00 00
    33  00 00 00 00 00 00 00 +  	.he 00 00 00 00 00 00 00 00 00 00 00 00 00 00 00 00
    34  00 00 00 00 00 00 00 +  	.he 00 00 00 00 00 00 00 00 00 00 00 00 00 00 00 00
    35  00 00 00 00 00 00 00 +  	.he 00 00 00 00 00 00 00 00 00 00 00 00 00 00 00 00
    36  00 00 00 00 00 00 00 +  	.he 00 00 00 00 00 00 00 00 00 00 00 00 00 00 00 00
    37 				player1
    38  00 00 00 00 00 00 00 +  	.he 00 00 00 00 00 00 00 00 00 00 00 00 00 00 00 00
    39  00 00 00 00 00 00 00 +  	.he 00 00 00 00 00 00 00 00 00 00 00 00 00 00 00 00
    40  00 00 00 00 00 00 00 +  	.he 00 00 00 00 00 00 00 00 00 00 00 00 00 00 00 00
    41  00 00 00 00 07 11 58 +  	.he 00 00 00 00 07 11 58 FE FE FF BE B8 B9 F8 7F 3F
    42  3C 1F 00 00 0A 00 01 +  	.he 3C 1F 00 00 0A 00 01 00 02 02 26 76 26 0D AE F6
    43  FC 38 00 60 C5 FC FC +  	.he FC 38 00 60 C5 FC FC FC FE FE 7E 7E 3F 3F 1F 64
    44  34 FA 7A 7A 3D BD 9D +  	.he 34 FA 7A 7A 3D BD 9D 1C 1E 0E 30 70 70 78 6A EA
    45  DA DB F3 B1 21 C1 00 +  	.he DA DB F3 B1 21 C1 00 00 00 00 6C 72 FA FE FD FD
    46  7F FE FE FE FE DE FE +  	.he 7F FE FE FE FE DE FE FE FE FC F8 F8 E0 00 00 00
    47  00 00 00 00 00 00 00 +  	.he 00 00 00 00 00 00 00 00 00 00 00 00 00 00 00 00
    48  00 00 00 00 00 00 00 +  	.he 00 00 00 00 00 00 00 00 00 00 00 00 00 00 00 00
    49  00 00 00 00 00 00 00 +  	.he 00 00 00 00 00 00 00 00 00 00 00 00 00 00 00 00
    50  00 00 00 00 00 00 00 +  	.he 00 00 00 00 00 00 00 00 00 00 00 00 00 00 00 00
    51  00 00 00 00 00 00 00 +  	.he 00 00 00 00 00 00 00 00 00 00 00 00 00 00 00 00
    52  00 00 00 00 00 00 00 +  	.he 00 00 00 00 00 00 00 00 00 00 00 00 00 00 00 00
    53  00 00 00 00 00 00 00 +  	.he 00 00 00 00 00 00 00 00 00 00 00 00 00 00 00 00
    54 				player2
    55  00 00 00 00 00 00 00 +  	.he 00 00 00 00 00 00 00 00 00 00 00 00 00 00 00 00
    56  00 00 00 FF FF FF FF +  	.he 00 00 00 FF FF FF FF FF FF FF FE FE FF FD FD F9
    57  7B 7B 73 B2 B6 A6 26 +  	.he 7B 7B 73 B2 B6 A6 26 00 00 00 00 00 00 00 00 00
    58  00 00 00 00 00 00 00 +  	.he 00 00 00 00 00 00 00 00 00 00 00 00 00 00 00 00
    59  40 48 41 41 61 7D 7D +  	.he 40 48 41 41 61 7D 7D 7D 7D 7D 7D 7D 7C 7C 7C F8
    60  F8 FA 70 40 00 AA 40 +  	.he F8 FA 70 40 00 AA 40 80 40 A0 70 B8 3C BE FD BE
    61  FD 7C FE 7C F8 60 FA +  	.he FD 7C FE 7C F8 60 FA F0 C0 04 84 04 08 1C 08 10
    62  08 10 30 10 10 10 3A +  	.he 08 10 30 10 10 10 3A 10 38 1C FC FE FC FE FC FF
    63  FE FF FF FF FF FF FF +  	.he FE FF FF FF FF FF FF FF 80 00 80 00 80 45 C0 40
    64  E0 F0 70 70 00 00 00 +  	.he E0 F0 70 70 00 00 00 00 00 00 00 00 00 00 00 00
    65  00 00 00 00 00 00 00 +  	.he 00 00 00 00 00 00 00 00 00 00 00 00 00 00 00 00
    66  00 00 00 00 00 00 00 +  	.he 00 00 00 00 00 00 00 00 00 00 00 00 00 00 00 00
    67  00 00 00 00 00 00 00 +  	.he 00 00 00 00 00 00 00 00 00 00 00 00 00 00 00 00
    68  00 00 00 00 00 00 00 +  	.he 00 00 00 00 00 00 00 00 00 00 00 00 00 00 00 00
    69  00 00 00 00 00 00 00 +  	.he 00 00 00 00 00 00 00 00 00 00 00 00 00 00 00 00
    70  00 00 00 00 00 00 00 +  	.he 00 00 00 00 00 00 00 00 00 00 00 00 00 00 00 00
    71 				player3
    72  00 00 00 00 00 00 00 +  	.he 00 00 00 00 00 00 00 00 00 00 00 00 00 00 00 00
    73  00 00 00 00 00 00 00 +  	.he 00 00 00 00 00 00 00 00 0C 0C 0C 0C 0C 0C 0C 0C
    74  0C 0C 0C 0C 0C 0C 0C +  	.he 0C 0C 0C 0C 0C 0C 0C 0C 0C 0C 0C 0C 0C 0C 0C 0C
    75  0C 0C 0C 0C 0C 0C 0C +  	.he 0C 0C 0C 0C 0C 0C 0C 0C 0C 0C 0C 8A C2 EB 0C 0C
    76  0C 08 02 04 00 80 81 +  	.he 0C 08 02 04 00 80 81 03 01 1F 1D 3F 3E 3E 3F 3E
    77  3E 3F 3F 3F 3F 3F 3F +  	.he 3E 3F 3F 3F 3F 3F 3F 3F 3F 3F 1F 3F 1F 3F 1F 3F
    78  1F 0E 1F 3F 7F 7F 7F +  	.he 1F 0E 1F 3F 7F 7F 7F 39 05 12 39 10 00 00 00 00
    79  80 00 00 00 10 08 00 +  	.he 80 00 00 00 10 08 00 00 01 00 08 08 0C 0C 0C 0C
    80  0C 0C 0C 0C 0C 0C 0C +  	.he 0C 0C 0C 0C 0C 0C 0C 0C 0C 8C 8C 8C 8C 8C CC CC
    81  CC CC CC EC EC EC E4 +  	.he CC CC CC EC EC EC E4 E4 F4 F4 74 70 70 78 38 B8
    82  B8 FC FC FC FC FE 7E +  	.he B8 FC FC FC FC FE 7E 7E 3E 3F 1F 1F 0F 0F 17 17
    83  00 00 00 00 00 00 00 +  	.he 00 00 00 00 00 00 00 00 00 00 00 00 00 00 00 00
    84  00 00 00 00 00 00 00 +  	.he 00 00 00 00 00 00 00 00 00 00 00 00 00 00 00 00
    85  00 00 00 00 00 00 00 +  	.he 00 00 00 00 00 00 00 00 00 00 00 00 00 00 00 00
    86  00 00 00 00 00 00 00 +  	.he 00 00 00 00 00 00 00 00 00 00 00 00 00 00 00 00
    87  00 00 00 00 00 00 00 +  	.he 00 00 00 00 00 00 00 00 00 00 00 00 00 00 00 00
