mads 2.0.5 build 2 (3 Jun 16)
Source: D:\!Atari\Pang_2\game_over_winner\winner_pmg.asm
     1 					opt h-
     2
     3 				missiles
     4  00 00 00 00 00 00 00 +  	.he 00 00 00 00 00 00 00 00 00 00 00 00 00 00 00 00
     5  00 00 80 40 80 C0 C0 +  	.he 00 00 80 40 80 C0 C0 40 40 00 C0 C0 C0 C0 C0 80
     6  C0 C0 C0 C0 C0 C0 C0 +  	.he C0 C0 C0 C0 C0 C0 C0 C0 C0 C0 C0 C0 80 80 00 00
     7  00 00 00 00 00 00 00 +  	.he 00 00 00 00 00 00 00 00 00 00 20 20 20 20 20 20
     8  30 30 20 20 20 30 30 +  	.he 30 30 20 20 20 30 30 30 30 30 20 30 30 30 30 30
     9  30 30 30 30 20 00 02 +  	.he 30 30 30 30 20 00 02 04 0C 0E 0E 0E 0E 0C 0C 0D
    10  0D 09 09 09 01 00 0C +  	.he 0D 09 09 09 01 00 0C 0C 0C 0C 0C 0C 0C 0C 0C 0C
    11  0C 0C 0C 0C 0C 08 0C +  	.he 0C 0C 0C 0C 0C 08 0C 08 0C 08 0C 08 0C 08 0C 08
    12  CC C8 CC F0 F0 F0 F0 +  	.he CC C8 CC F0 F0 F0 F0 F0 F0 F0 F0 F0 F0 D0 F3 F3
    13  F3 F3 C3 C3 F2 F1 E3 +  	.he F3 F3 C3 C3 F2 F1 E3 E3 C3 C3 E2 E3 E1 E1 E1 F3
    14  F1 C1 C0 C0 C3 C3 C3 +  	.he F1 C1 C0 C0 C3 C3 C3 C3 C3 C3 C3 C2 C3 C3 C0 C0
    15  C0 C0 C0 C3 C3 C3 C3 +  	.he C0 C0 C0 C3 C3 C3 C3 C3 C2 C0 C0 C0 C0 C2 C3 C3
    16  C3 C3 C3 C3 C3 C3 C3 +  	.he C3 C3 C3 C3 C3 C3 C3 C3 C3 C3 C3 C3 C3 C3 C3 C0
    17  C0 C0 C0 C3 C3 C3 C3 +  	.he C0 C0 C0 C3 C3 C3 C3 C1 00 00 00 00 00 00 00 00
    18  00 00 00 00 00 00 00 +  	.he 00 00 00 00 00 00 00 00 00 00 00 00 00 00 00 00
    19  00 00 00 00 00 00 00 +  	.he 00 00 00 00 00 00 00 00 00 00 00 00 00 00 00 00
    20 				player0
    21  00 00 00 00 00 00 00 +  	.he 00 00 00 00 00 00 00 00 00 00 00 00 00 00 00 00
    22  00 00 00 00 00 00 00 +  	.he 00 00 00 00 00 00 00 00 00 00 00 00 00 00 00 00
    23  00 00 00 00 00 00 0A +  	.he 00 00 00 00 00 00 0A 37 77 6F EF EF DF DF DF 07
    24  FD 00 00 00 00 00 00 +  	.he FD 00 00 00 00 00 00 00 00 00 00 00 00 00 00 00
    25  00 00 00 00 00 00 00 +  	.he 00 00 00 00 00 00 00 00 00 00 00 00 00 00 00 00
    26  18 38 3C 7C 3E 3E 1F +  	.he 18 38 3C 7C 3E 3E 1F 07 07 03 87 87 C7 E3 F3 F3
    27  F3 F3 F9 F9 F8 FC FC +  	.he F3 F3 F9 F9 F8 FC FC FC FC FE FE FE FE FE FE FE
    28  FE FE FE FE FC FD FD +  	.he FE FE FE FE FC FD FD FD FD FD FA FA FA FA F5 F4
    29  FD E8 F1 D0 E0 C0 00 +  	.he FD E8 F1 D0 E0 C0 00 00 00 00 00 00 00 00 00 00
    30  7C 7C 7A 3A 3A 78 7C +  	.he 7C 7C 7A 3A 3A 78 7C 7C E9 ED ED ED ED ED ED ED
    31  EC EC EC EC E6 C0 C0 +  	.he EC EC EC EC E6 C0 C0 00 80 83 83 C6 C6 E0 E0 60
    32  00 00 CA E0 78 7E BC +  	.he 00 00 CA E0 78 7E BC 98 88 54 8A FD FE FF 7E 7F
    33  7F FF BF BF FF DF DF +  	.he 7F FF BF BF FF DF DF FF EF FF F7 FF FF FB FF 00
    34  00 00 00 FE FE 7E 3C +  	.he 00 00 00 FE FE 7E 3C 00 BE BE DE DF EE EF E6 00
    35  00 00 00 00 00 00 00 +  	.he 00 00 00 00 00 00 00 00 00 00 00 00 00 00 00 00
    36  00 00 00 00 00 00 00 +  	.he 00 00 00 00 00 00 00 00 00 00 00 00 00 00 00 00
    37 				player1
    38  00 00 00 00 00 00 00 +  	.he 00 00 00 00 00 00 00 00 00 00 00 00 00 00 00 00
    39  00 00 00 00 00 00 00 +  	.he 00 00 00 00 00 00 00 00 00 00 00 00 00 00 00 00
    40  00 00 00 00 00 00 00 +  	.he 00 00 00 00 00 00 00 00 00 00 00 00 00 00 00 00
    41  00 00 00 00 00 00 00 +  	.he 00 00 00 00 00 00 00 00 00 00 00 00 00 00 00 00
    42  00 00 00 00 00 00 00 +  	.he 00 00 00 00 00 00 00 00 00 00 00 00 00 11 1C 1C
    43  3E 3F 3F 7F FE F8 E0 +  	.he 3E 3F 3F 7F FE F8 E0 C0 C0 C0 E0 E0 C3 81 87 07
    44  0F 0F 1F 3F 3F 7F 7F +  	.he 0F 0F 1F 3F 3F 7F 7F 7F FF FF FF FF FF FF FF FF
    45  FF FF FF FF FF FF FF +  	.he FF FF FF FF FF FF FF FF FF FF FF FF FF FF 7F 7F
    46  7F 3F BF 00 00 00 00 +  	.he 7F 3F BF 00 00 00 00 00 81 BD AD AD BD BD 00 00
    47  00 00 00 00 00 00 00 +  	.he 00 00 00 00 00 00 00 00 00 00 00 00 00 00 00 00
    48  00 78 F8 FC FC FF FF +  	.he 00 78 F8 FC FC FF FF FF FF 7F FF FF BF BF BF BF
    49  AF C7 F3 F3 F3 00 00 +  	.he AF C7 F3 F3 F3 00 00 00 00 00 00 00 00 00 00 00
    50  00 00 00 00 00 00 00 +  	.he 00 00 00 00 00 00 00 00 00 00 00 00 00 00 00 00
    51  00 00 00 00 00 00 00 +  	.he 00 00 00 00 00 00 00 00 00 00 00 00 00 00 00 00
    52  00 00 00 00 00 00 00 +  	.he 00 00 00 00 00 00 00 00 00 00 00 00 00 00 00 00
    53  00 00 00 00 00 00 00 +  	.he 00 00 00 00 00 00 00 00 00 00 00 00 00 00 00 00
    54 				player2
    55  00 00 00 00 00 00 00 +  	.he 00 00 00 00 00 00 00 00 00 00 00 00 00 00 00 00
    56  00 00 00 00 00 00 00 +  	.he 00 00 00 00 00 00 00 00 00 00 00 00 00 00 00 00
    57  00 00 00 00 00 00 00 +  	.he 00 00 00 00 00 00 00 00 00 00 00 00 00 00 00 00
    58  00 00 00 00 00 00 00 +  	.he 00 00 00 00 00 00 00 00 00 00 70 71 F0 60 60 58
    59  E8 40 4A 42 4A 78 99 +  	.he E8 40 4A 42 4A 78 99 98 B9 99 F9 70 92 92 F2 62
    60  00 00 00 00 00 00 00 +  	.he 00 00 00 00 00 00 00 00 00 00 00 00 00 00 00 00
    61  00 00 00 00 00 00 00 +  	.he 00 00 00 00 00 00 00 00 00 00 00 00 00 00 00 00
    62  00 00 00 00 00 00 00 +  	.he 00 00 00 00 00 00 00 00 00 00 00 00 00 00 00 00
    63  00 00 00 FF FF FF FF +  	.he 00 00 00 FF FF FF FF FF BF BF BF BF BF BF BF BF
    64  FF FF 00 00 00 FF FF +  	.he FF FF 00 00 00 FF FF FF FF FF FF FF FF FF FF FF
    65  00 00 00 00 00 00 00 +  	.he 00 00 00 00 00 00 00 00 00 00 00 00 00 00 00 00
    66  00 00 00 00 00 00 00 +  	.he 00 00 00 00 00 00 00 00 00 00 00 00 00 00 00 00
    67  00 00 00 00 00 00 00 +  	.he 00 00 00 00 00 00 00 00 00 00 00 00 00 00 00 00
    68  00 00 00 00 00 00 00 +  	.he 00 00 00 00 00 00 00 00 00 00 00 00 00 00 00 00
    69  00 00 00 00 00 00 00 +  	.he 00 00 00 00 00 00 00 00 00 00 00 00 00 00 00 00
    70  00 00 00 00 00 00 00 +  	.he 00 00 00 00 00 00 00 00 00 00 00 00 00 00 00 00
    71 				player3
    72  00 00 00 00 00 00 00 +  	.he 00 00 00 00 00 00 00 00 00 00 00 00 00 00 00 00
    73  00 4C 48 2C 4C 6C 64 +  	.he 00 4C 48 2C 4C 6C 64 60 24 06 26 36 36 36 32 30
    74  27 3F BF BF CF C7 FF +  	.he 27 3F BF BF CF C7 FF FF 7F 7F 7F 3F 3F 1F 07 00
    75  04 06 07 CF 8F 0F 0E +  	.he 04 06 07 CF 8F 0F 0E 1E DE DE 9E BC BE BC BE 7C
    76  78 7C F8 FC F8 F0 F9 +  	.he 78 7C F8 FC F8 F0 F9 F0 E0 F1 E1 C1 23 00 00 00
    77  00 00 00 00 00 00 00 +  	.he 00 00 00 00 00 00 00 00 00 00 00 00 00 00 00 00
    78  00 00 00 00 00 00 00 +  	.he 00 00 00 00 00 00 00 00 00 00 00 00 00 00 00 00
    79  00 00 00 00 00 00 00 +  	.he 00 00 00 00 00 00 00 00 00 00 00 00 00 00 00 00
    80  CF CF CF CF CF CF CF +  	.he CF CF CF CF CF CF CF CF CF CF CF C5 CB C1 CA C5
    81  C3 C7 CF C7 CF CF CF +  	.he C3 C7 CF C7 CF CF CF CF CF CF CF CB C1 CB C7 CF
    82  CE CD C8 CF CF CF CF +  	.he CE CD C8 CF CF CF CF CF CF CF CF CF C7 C7 C7 C3
    83  C3 C1 C0 CF CF CF CF +  	.he C3 C1 C0 CF CF CF CF CF CF CE CC C9 C9 C1 C3 C3
    84  C6 C3 C3 C3 C9 C9 CC +  	.he C6 C3 C3 C3 C9 C9 CC CF CF CF CF C7 C3 C9 CC CF
    85  CF CF CF CF CF C8 CA +  	.he CF CF CF CF CF C8 CA CA 00 00 00 00 00 00 00 00
    86  00 00 00 00 00 00 00 +  	.he 00 00 00 00 00 00 00 00 00 00 00 00 00 00 00 00
    87  00 00 00 00 00 00 00 +  	.he 00 00 00 00 00 00 00 00 00 00 00 00 00 00 00 00
