mads 2.0.4 build 4 (28 Mar 16)
Source: D:\!Atari\Pang_2\tour_map\pmg.asm
     1
     2 					opt h-
     3
     4 				player0
     5  00 00 00 00 00 00 00 +  	.he 00 00 00 00 00 00 00 00 00 00 00 00 00 00 00 00
     6  00 00 00 00 00 00 00 +  	.he 00 00 00 00 00 00 00 00 00 00 00 00 00 00 00 00
     7  00 00 00 00 00 00 00 +  	.he 00 00 00 00 00 00 00 00 00 00 00 00 00 00 00 00
     8  00 00 00 00 00 00 00 +  	.he 00 00 00 00 00 00 00 10 20 00 40 40 00 00 00 00
     9  00 00 00 00 00 00 00 +  	.he 00 00 00 00 00 00 00 00 00 00 00 00 10 20 00 40
    10  40 00 00 00 00 00 00 +  	.he 40 00 00 00 00 00 00 00 00 00 10 20 00 40 40 00
    11  00 00 00 00 00 00 00 +  	.he 00 00 00 00 00 00 00 00 00 00 00 00 00 00 00 00
    12  00 00 00 00 10 20 00 +  	.he 00 00 00 00 10 20 00 40 40 00 00 00 00 00 00 00
    13  00 00 00 00 00 00 00 +  	.he 00 00 00 00 00 00 00 00 00 10 20 00 40 40 00 00
    14  00 00 00 00 00 00 00 +  	.he 00 00 00 00 00 00 00 00 00 00 00 00 00 00 00 10
    15  20 00 40 40 00 00 00 +  	.he 20 00 40 40 00 00 00 00 00 00 00 00 00 00 10 20
    16  00 40 40 00 00 00 00 +  	.he 00 40 40 00 00 00 00 00 00 00 00 00 00 00 00 10
    17  20 00 40 40 00 00 00 +  	.he 20 00 40 40 00 00 00 00 00 00 00 00 00 00 00 08
    18  10 00 20 20 00 00 00 +  	.he 10 00 20 20 00 00 00 00 00 00 00 00 00 00 00 00
    19  00 00 00 00 00 00 00 +  	.he 00 00 00 00 00 00 00 00 00 00 00 00 00 00 00 00
    20  00 00 00 00 00 00 00 +  	.he 00 00 00 00 00 00 00 00 00 00 00 00 00 00 00 00
    21 				player1
    22  00 00 00 00 00 00 00 +  	.he 00 00 00 00 00 00 00 00 00 00 00 00 00 00 00 00
    23  00 00 00 00 00 00 00 +  	.he 00 00 00 00 00 00 00 00 00 00 00 00 00 00 00 00
    24  00 00 00 00 00 00 00 +  	.he 00 00 00 00 00 00 00 00 00 00 00 00 00 00 00 00
    25  00 00 00 00 00 18 3C +  	.he 00 00 00 00 00 18 3C 7E 7E FF FF FF FF FF FF 7E
    26  7E 3C 18 00 00 00 00 +  	.he 7E 3C 18 00 00 00 00 00 00 00 18 3C 7E 7E FF FF
    27  FF FF FF FF 7E 7E 3C +  	.he FF FF FF FF 7E 7E 3C 18 18 3C 7E 7E FF FF FF FF
    28  FF FF 7E 7E 3C 18 00 +  	.he FF FF 7E 7E 3C 18 00 00 00 00 00 00 00 00 00 00
    29  00 00 18 3C 7E 7E FF +  	.he 00 00 18 3C 7E 7E FF FF FF FF FF FF 7E 7E 3C 18
    30  00 00 00 00 00 00 00 +  	.he 00 00 00 00 00 00 00 18 3C 7E 7E FF FF FF FF FF
    31  FF 7E 7E 3C 18 00 00 +  	.he FF 7E 7E 3C 18 00 00 00 00 00 00 00 00 18 3C 7E
    32  7E FF FF FF FF FF FF +  	.he 7E FF FF FF FF FF FF 7E 7E 3C 18 00 18 3C 7E 7E
    33  FF FF FF FF FF FF 7E +  	.he FF FF FF FF FF FF 7E 7E 3C 18 00 00 00 18 3C 7E
    34  7E FF FF FF FF FF FF +  	.he 7E FF FF FF FF FF FF 7E 7E 3C 18 00 00 18 3C 7E
    35  7E FF FF FF FF FF FF +  	.he 7E FF FF FF FF FF FF 7E 7E 3C 18 00 00 00 00 00
    36  00 00 00 00 00 00 00 +  	.he 00 00 00 00 00 00 00 00 00 00 00 00 00 00 00 00
    37  00 00 00 00 00 00 00 +  	.he 00 00 00 00 00 00 00 00 00 00 00 00 00 00 00 00
    38 				player2
    39  00 00 00 00 00 00 00 +  	.he 00 00 00 00 00 00 00 00 00 00 00 00 00 00 00 00
    40  00 00 00 00 00 00 00 +  	.he 00 00 00 00 00 00 00 00 00 00 00 00 00 00 00 00
    41  00 00 00 00 00 00 00 +  	.he 00 00 00 00 00 00 00 00 00 00 00 00 10 20 00 40
    42  40 00 00 00 00 00 00 +  	.he 40 00 00 00 00 00 00 00 00 00 00 00 00 00 00 00
    43  00 00 00 00 00 00 00 +  	.he 00 00 00 00 00 00 00 00 00 00 00 00 00 00 00 00
    44  00 00 00 00 00 00 00 +  	.he 00 00 00 00 00 00 00 00 00 00 10 20 00 40 40 00
    45  00 00 00 00 00 00 00 +  	.he 00 00 00 00 00 00 00 00 00 00 00 00 00 00 00 00
    46  00 00 00 00 00 10 20 +  	.he 00 00 00 00 00 10 20 00 40 40 00 00 00 00 00 00
    47  00 00 00 00 00 00 00 +  	.he 00 00 00 00 00 00 00 00 00 00 00 00 00 00 00 00
    48  00 00 00 00 00 00 00 +  	.he 00 00 00 00 00 00 00 00 00 00 00 00 00 00 00 00
    49  00 00 00 00 00 00 00 +  	.he 00 00 00 00 00 00 00 00 00 00 00 00 00 00 00 00
    50  00 00 00 00 00 00 00 +  	.he 00 00 00 00 00 00 00 00 00 00 00 00 00 00 00 00
    51  00 00 00 00 00 00 00 +  	.he 00 00 00 00 00 00 00 00 00 00 00 00 00 00 00 00
    52  00 00 00 00 00 00 00 +  	.he 00 00 00 00 00 00 00 00 00 00 00 00 00 00 00 00
    53  00 00 00 00 00 00 00 +  	.he 00 00 00 00 00 00 00 00 00 00 00 00 00 00 00 00
    54  00 00 00 00 00 00 00 +  	.he 00 00 00 00 00 00 00 00 00 00 00 00 00 00 00 00
    55 				player3
    56  00 00 00 00 00 00 00 +  	.he 00 00 00 00 00 00 00 00 00 00 00 00 00 00 00 00
    57  00 00 00 00 00 00 00 +  	.he 00 00 00 00 00 00 00 00 00 00 00 00 00 00 00 00
    58  00 00 00 00 00 00 00 +  	.he 00 00 00 00 00 00 00 00 00 00 18 3C 7E 7E FF FF
    59  FF FF FF FF 7E 7E 3C +  	.he FF FF FF FF 7E 7E 3C 18 00 00 00 00 00 00 00 00
    60  00 00 00 00 00 00 00 +  	.he 00 00 00 00 00 00 00 00 00 00 00 00 00 00 00 00
    61  00 00 00 00 00 00 00 +  	.he 00 00 00 00 00 00 00 00 18 3C 7E 7E FF FF FF FF
    62  FF FF 7E 7E 3C 18 00 +  	.he FF FF 7E 7E 3C 18 00 00 00 00 00 00 00 00 00 00
    63  00 00 00 18 3C 7E 7E +  	.he 00 00 00 18 3C 7E 7E FF FF FF FF FF FF 7E 7E 3C
    64  18 00 00 00 00 00 00 +  	.he 18 00 00 00 00 00 00 00 00 00 00 00 00 00 00 00
    65  00 00 00 00 00 00 00 +  	.he 00 00 00 00 00 00 00 00 00 00 00 00 00 00 00 00
    66  00 00 00 00 00 00 00 +  	.he 00 00 00 00 00 00 00 00 00 00 00 00 00 00 00 00
    67  00 00 00 00 00 00 00 +  	.he 00 00 00 00 00 00 00 00 00 00 00 00 00 00 00 00
    68  00 00 00 00 00 00 00 +  	.he 00 00 00 00 00 00 00 00 00 00 00 00 00 00 00 00
    69  00 00 00 00 00 00 00 +  	.he 00 00 00 00 00 00 00 00 00 00 00 00 00 00 00 00
    70  00 00 00 00 00 00 00 +  	.he 00 00 00 00 00 00 00 00 00 00 00 00 00 00 00 00
    71  00 00 00 00 00 00 00 +  	.he 00 00 00 00 00 00 00 00 00 00 00 00 00 00 00 00
