mads 1.8.1
Source: D:\!Atari\Pang\title_2\pmg.asm
     1 					opt h-
     2 					org $2000
     3
     4 2000 00 00 00 00 00 00 + 	dta $00,$00,$00,$00,$00,$00,$00,$00,$00,$00,$00,$00,$00,$00,$00,$00
     5 2010 04 00 00 00 00 00 + 	dta $04,$00,$00,$00,$00,$00,$00,$10,$15,$04,$04,$00,$28,$20,$00,$00
     6 2020 A4 20 30 00 00 00 + 	dta $A4,$20,$30,$00,$00,$00,$00,$00,$27,$40,$13,$00,$00,$00,$00,$00
     7 2030 00 01 00 02 00 41 + 	dta $00,$01,$00,$02,$00,$41,$00,$82,$00,$02,$00,$00,$02,$00,$00,$00
     8 2040 82 41 10 80 40 00 + 	dta $82,$41,$10,$80,$40,$00,$00,$00,$04,$00,$00,$00,$00,$00,$00,$00
     9 2050 00 00 00 00 00 00 + 	dta $00,$00,$00,$00,$00,$00,$00,$00,$00,$00,$00,$00,$00,$80,$80,$03
    10 2060 09 09 01 01 01 05 + 	dta $09,$09,$01,$01,$01,$05,$0D,$0D,$00,$00,$00,$00,$02,$00,$02,$03
    11 2070 04 08 04 08 04 08 + 	dta $04,$08,$04,$08,$04,$08,$04,$48,$84,$48,$04,$08,$00,$00,$00,$00
    12 2080 00 00 00 00 00 00 + 	dta $00,$00,$00,$00,$00,$00,$00,$00,$00,$00,$00,$00,$00,$00,$00,$00
    13 2090 00 00 00 00 00 00 + 	dta $00,$00,$00,$00,$00,$00,$00,$00,$00,$00,$00,$00,$00,$00,$00,$00
    14 20A0 00 00 00 00 00 00 + 	dta $00,$00,$00,$00,$00,$00,$00,$00,$00,$00,$00,$00,$00,$00,$00,$00
    15 20B0 00 00 00 00 00 00 + 	dta $00,$00,$00,$00,$00,$00,$00,$00,$00,$00,$00,$00,$00,$00,$00,$00
    16 20C0 00 00 00 00 00 00 + 	dta $00,$00,$00,$00,$00,$00,$00,$00,$00,$00,$00,$00,$00,$00,$00,$00
    17 20D0 00 00 00 00 00 00 + 	dta $00,$00,$00,$00,$00,$00,$00,$00,$00,$00,$00,$00,$00,$00,$00,$00
    18 20E0 00 00 00 00 00 00 + 	dta $00,$00,$00,$00,$00,$00,$00,$00,$00,$00,$00,$00,$00,$00,$00,$00
    19 20F0 00 00 00 00 00 00 + 	dta $00,$00,$00,$00,$00,$00,$00,$00,$00,$00,$00,$00,$00,$00,$00,$00
    20
    21 2100 00 00 00 00 00 00 + 	dta $00,$00,$00,$00,$00,$00,$00,$00,$00,$00,$00,$00,$00,$00,$00,$00
    22 2110 00 00 00 00 00 00 + 	dta $00,$00,$00,$00,$00,$00,$00,$00,$40,$20,$10,$00,$00,$00,$00,$00
    23 2120 04 00 02 02 00 02 + 	dta $04,$00,$02,$02,$00,$02,$00,$00,$10,$00,$00,$00,$00,$00,$00,$08
    24 2130 2A 00 20 10 20 10 + 	dta $2A,$00,$20,$10,$20,$10,$20,$10,$30,$10,$28,$50,$B8,$58,$38,$58
    25 2140 7C 5C 60 40 20 00 + 	dta $7C,$5C,$60,$40,$20,$00,$00,$00,$00,$00,$00,$00,$00,$00,$00,$00
    26 2150 00 00 1A 80 04 00 + 	dta $00,$00,$1A,$80,$04,$00,$40,$00,$80,$00,$00,$00,$01,$07,$1F,$7F
    27 2160 00 00 80 A0 20 00 + 	dta $00,$00,$80,$A0,$20,$00,$50,$50,$00,$28,$28,$00,$14,$14,$00,$08
    28 2170 0A 02 00 34 0D 21 + 	dta $0A,$02,$00,$34,$0D,$21,$08,$04,$02,$01,$40,$00,$00,$00,$00,$00
    29 2180 00 00 00 00 00 00 + 	dta $00,$00,$00,$00,$00,$00,$00,$00,$00,$00,$00,$00,$00,$00,$00,$00
    30 2190 00 00 00 00 01 04 + 	dta $00,$00,$00,$00,$01,$04,$00,$00,$00,$00,$00,$00,$00,$00,$00,$00
    31 21A0 00 00 00 00 00 00 + 	dta $00,$00,$00,$00,$00,$00,$00,$00,$00,$00,$00,$00,$00,$00,$00,$00
    32 21B0 00 00 00 00 00 00 + 	dta $00,$00,$00,$00,$00,$00,$00,$00,$00,$00,$00,$00,$00,$00,$00,$00
    33 21C0 00 00 00 00 00 00 + 	dta $00,$00,$00,$00,$00,$00,$00,$00,$00,$00,$00,$00,$00,$00,$00,$00
    34 21D0 00 00 00 00 00 00 + 	dta $00,$00,$00,$00,$00,$00,$00,$00,$00,$00,$00,$00,$00,$00,$00,$00
    35 21E0 00 00 00 00 00 00 + 	dta $00,$00,$00,$00,$00,$00,$00,$00,$00,$00,$00,$00,$00,$00,$00,$00
    36 21F0 00 00 00 00 00 00 + 	dta $00,$00,$00,$00,$00,$00,$00,$00,$00,$00,$00,$00,$00,$00,$00,$00
    37
    38 2200 00 00 00 00 00 00 + 	dta $00,$00,$00,$00,$00,$00,$00,$00,$00,$00,$00,$00,$00,$00,$00,$00
    39 2210 00 00 00 00 00 10 + 	dta $00,$00,$00,$00,$00,$10,$10,$10,$10,$10,$30,$10,$10,$10,$30,$10
    40 2220 30 30 30 30 30 30 + 	dta $30,$30,$30,$30,$30,$30,$30,$34,$34,$34,$34,$30,$07,$06,$47,$06
    41 2230 4F 2E 4E 6E 6E 3C + 	dta $4F,$2E,$4E,$6E,$6E,$3C,$7E,$3C,$7C,$03,$13,$03,$13,$12,$13,$82
    42 2240 90 90 0F 06 0E 06 + 	dta $90,$90,$0F,$06,$0E,$06,$0E,$0E,$04,$06,$04,$04,$04,$04,$0C,$0C
    43 2250 38 1C 18 18 18 1C + 	dta $38,$1C,$18,$18,$18,$1C,$18,$00,$00,$00,$00,$00,$00,$00,$00,$00
    44 2260 00 00 00 00 00 00 + 	dta $00,$00,$00,$00,$00,$00,$00,$00,$00,$00,$00,$00,$00,$00,$00,$00
    45 2270 6A 00 00 00 00 08 + 	dta $6A,$00,$00,$00,$00,$08,$18,$30,$68,$20,$10,$28,$00,$00,$00,$00
    46 2280 28 00 00 00 00 00 + 	dta $28,$00,$00,$00,$00,$00,$00,$00,$00,$00,$00,$00,$00,$00,$00,$00
    47 2290 00 00 00 00 20 10 + 	dta $00,$00,$00,$00,$20,$10,$00,$00,$00,$00,$00,$00,$00,$00,$00,$00
    48 22A0 00 00 00 00 00 00 + 	dta $00,$00,$00,$00,$00,$00,$00,$00,$00,$00,$00,$00,$00,$00,$00,$00
    49 22B0 00 00 00 00 00 00 + 	dta $00,$00,$00,$00,$00,$00,$00,$00,$00,$00,$00,$00,$00,$00,$00,$00
    50 22C0 00 00 00 00 00 00 + 	dta $00,$00,$00,$00,$00,$00,$00,$00,$00,$00,$00,$00,$00,$00,$00,$00
    51 22D0 00 00 00 00 00 00 + 	dta $00,$00,$00,$00,$00,$00,$00,$00,$00,$00,$00,$00,$00,$00,$00,$00
    52 22E0 00 00 00 00 00 00 + 	dta $00,$00,$00,$00,$00,$00,$00,$00,$00,$00,$00,$00,$00,$00,$00,$00
    53 22F0 00 00 00 00 00 00 + 	dta $00,$00,$00,$00,$00,$00,$00,$00,$00,$00,$00,$00,$00,$00,$00,$00
    54
    55 2300 00 00 00 00 00 00 + 	dta $00,$00,$00,$00,$00,$00,$00,$00,$00,$00,$00,$00,$00,$00,$00,$00
    56 2310 00 00 00 00 00 00 + 	dta $00,$00,$00,$00,$00,$00,$00,$00,$00,$00,$00,$10,$30,$28,$08,$1C
    57 2320 2C E6 6E 3E 3E 3F + 	dta $2C,$E6,$6E,$3E,$3E,$3F,$7F,$3F,$7F,$3F,$7F,$7F,$FF,$7F,$7F,$7E
    58 2330 7C 7C 7C DC 9C 1C + 	dta $7C,$7C,$7C,$DC,$9C,$1C,$9C,$1C,$98,$18,$98,$98,$98,$98,$98,$B0
    59 2340 B0 B0 09 09 09 19 + 	dta $B0,$B0,$09,$09,$09,$19,$19,$39,$39,$79,$79,$79,$79,$39,$EC,$6C
    60 2350 48 48 48 40 C8 48 + 	dta $48,$48,$48,$40,$C8,$48,$C0,$40,$40,$C0,$40,$C0,$C0,$C0,$C0,$C0
    61 2360 C0 C0 E0 E0 C0 C0 + 	dta $C0,$C0,$E0,$E0,$C0,$C0,$80,$80,$00,$00,$00,$00,$00,$00,$01,$02
    62 2370 BF 00 00 00 00 02 + 	dta $BF,$00,$00,$00,$00,$02,$05,$08,$3F,$20,$00,$A0,$74,$A8,$50,$00
    63 2380 80 00 00 00 00 00 + 	dta $80,$00,$00,$00,$00,$00,$00,$00,$00,$20,$00,$00,$00,$00,$00,$00
    64 2390 00 00 00 00 00 00 + 	dta $00,$00,$00,$00,$00,$00,$00,$00,$00,$00,$00,$00,$00,$00,$00,$00
    65 23A0 00 00 00 00 00 00 + 	dta $00,$00,$00,$00,$00,$00,$00,$00,$00,$00,$00,$00,$00,$00,$00,$00
    66 23B0 00 00 00 00 00 00 + 	dta $00,$00,$00,$00,$00,$00,$00,$00,$00,$00,$00,$00,$00,$00,$00,$00
    67 23C0 00 00 00 00 00 00 + 	dta $00,$00,$00,$00,$00,$00,$00,$00,$00,$00,$00,$00,$00,$00,$00,$00
    68 23D0 00 00 00 00 00 00 + 	dta $00,$00,$00,$00,$00,$00,$00,$00,$00,$00,$00,$00,$00,$00,$00,$00
    69 23E0 00 00 00 00 00 00 + 	dta $00,$00,$00,$00,$00,$00,$00,$00,$00,$00,$00,$00,$00,$00,$00,$00
    70 23F0 00 00 00 00 00 00 + 	dta $00,$00,$00,$00,$00,$00,$00,$00,$00,$00,$00,$00,$00,$00,$00,$00
    71
    72 2400 00 00 00 00 00 00 + 	dta $00,$00,$00,$00,$00,$00,$00,$00,$00,$00,$00,$00,$00,$00,$00,$00
    73 2410 00 00 00 00 00 00 + 	dta $00,$00,$00,$00,$00,$00,$00,$00,$00,$00,$03,$0F,$16,$3E,$7A,$FD
    74 2420 FC FF FE FE 78 F8 + 	dta $FC,$FF,$FE,$FE,$78,$F8,$F8,$F8,$E8,$F8,$F0,$F8,$F0,$F8,$F8,$F8
    75 2430 F0 F0 E0 E0 E0 E0 + 	dta $F0,$F0,$E0,$E0,$E0,$E0,$F0,$F0,$F0,$40,$60,$60,$40,$60,$20,$60
    76 2440 40 20 1E 1E 7E 3E + 	dta $40,$20,$1E,$1E,$7E,$3E,$3E,$F8,$F8,$F8,$F0,$F0,$F0,$F0,$F0,$F0
    77 2450 FE FE FC FC FC FC + 	dta $FE,$FE,$FC,$FC,$FC,$FC,$FC,$FC,$FC,$FA,$F8,$F8,$FC,$FC,$F0,$F0
    78 2460 F0 F0 C0 C2 52 80 + 	dta $F0,$F0,$C0,$C2,$52,$80,$60,$C0,$C0,$00,$00,$07,$0F,$3F,$3F,$3F
    79 2470 FE FC FC FF FF FF + 	dta $FE,$FC,$FC,$FF,$FF,$FF,$FF,$FF,$FF,$BF,$BF,$FF,$CF,$EF,$CF,$CF
    80 2480 EF EF EF F6 E6 E4 + 	dta $EF,$EF,$EF,$F6,$E6,$E4,$FC,$F4,$F8,$BC,$7F,$5E,$3C,$3C,$38,$78
    81 2490 70 30 20 20 00 00 + 	dta $70,$30,$20,$20,$00,$00,$00,$00,$00,$00,$00,$00,$00,$00,$00,$00
    82 24A0 00 00 00 00 00 00 + 	dta $00,$00,$00,$00,$00,$00,$00,$00,$00,$00,$00,$00,$00,$00,$00,$00
    83 24B0 00 00 00 00 00 00 + 	dta $00,$00,$00,$00,$00,$00,$00,$00,$00,$00,$00,$00,$00,$00,$00,$00
    84 24C0 00 00 00 00 00 00 + 	dta $00,$00,$00,$00,$00,$00,$00,$00,$00,$00,$00,$00,$00,$00,$00,$00
    85 24D0 00 00 00 00 00 00 + 	dta $00,$00,$00,$00,$00,$00,$00,$00,$00,$00,$00,$00,$00,$00,$00,$00
    86 24E0 00 00 00 00 00 00 + 	dta $00,$00,$00,$00,$00,$00,$00,$00,$00,$00,$00,$00,$00,$00,$00,$00
    87 24F0 00 00 00 00 00 00 + 	dta $00,$00,$00,$00,$00,$00,$00,$00,$00,$00,$00,$00,$00,$00,$00,$00
